# Logfile created on 2012-10-16 14:18:43 +0100  [4;36;1mSQL (0.2ms)[0m   [0;1mSET SQL_AUTO_IS_NULL=0[0m


Processing HomeController#index (for 127.0.0.1 at 2012-10-16 14:18:46) [GET]
Rendering template within layouts/application
Rendering home/index
Rendered person/_examples (1.5ms)
Completed in 20ms (View: 18, DB: 0) | 200 OK [http://localhost/]
  [4;35;1mSQL (0.1ms)[0m   [0mSET SQL_AUTO_IS_NULL=0[0m


Processing PersonController#show (for 127.0.0.1 at 2012-10-16 14:18:48) [GET]
  Parameters: {"person"=>"David_Cameron"}
  [4;36;1mPerson Columns (23.0ms)[0m   [0;1mSHOW FIELDS FROM `people`[0m
  [4;35;1mArticle Columns (3.6ms)[0m   [0mSHOW FIELDS FROM `articles`[0m

NoMethodError (undefined method `cps_id=' for #<Article id: nil, created_at: nil, updated_at: nil>):
  app/controllers/person_controller.rb:28:in `block in show'
  app/controllers/person_controller.rb:26:in `each'
  app/controllers/person_controller.rb:26:in `show'
  <internal:prelude>:10:in `synchronize'
  /Users/tarlij01/.rvm/rubies/ruby-1.9.3-p194/lib/ruby/1.9.1/webrick/httpserver.rb:138:in `service'
  /Users/tarlij01/.rvm/rubies/ruby-1.9.3-p194/lib/ruby/1.9.1/webrick/httpserver.rb:94:in `run'
  /Users/tarlij01/.rvm/rubies/ruby-1.9.3-p194/lib/ruby/1.9.1/webrick/server.rb:191:in `block in start_thread'

Rendered rescues/_trace (11.1ms)
Rendered rescues/_request_and_response (39.2ms)
Rendering rescues/layout (internal_server_error)
  [4;36;1mSQL (0.2ms)[0m   [0;1mSET SQL_AUTO_IS_NULL=0[0m


Processing HomeController#index (for 127.0.0.1 at 2012-10-16 14:23:05) [GET]
Rendering template within layouts/application
Rendering home/index
Rendered person/_examples (1.5ms)
Completed in 18ms (View: 17, DB: 0) | 200 OK [http://localhost/]
  [4;35;1mSQL (0.2ms)[0m   [0mSET SQL_AUTO_IS_NULL=0[0m


Processing HomeController#index (for 127.0.0.1 at 2012-10-16 14:23:08) [GET]
Rendering template within layouts/application
Rendering home/index
Rendered person/_examples (22.5ms)
Completed in 27ms (View: 25, DB: 0) | 200 OK [http://localhost/]
  [4;36;1mSQL (0.1ms)[0m   [0;1mSET SQL_AUTO_IS_NULL=0[0m


Processing PersonController#show (for 127.0.0.1 at 2012-10-16 14:23:09) [GET]
  Parameters: {"person"=>"David_Cameron"}
  [4;35;1mPerson Columns (4.0ms)[0m   [0mSHOW FIELDS FROM `people`[0m
  [4;36;1mArticle Columns (2.9ms)[0m   [0;1mSHOW FIELDS FROM `articles`[0m

NoMethodError (undefined method `cooccurence_count=' for #<Person id: nil, created_at: nil, updated_at: nil>):
  app/controllers/person_controller.rb:42:in `block in show'
  app/controllers/person_controller.rb:39:in `each'
  app/controllers/person_controller.rb:39:in `show'
  <internal:prelude>:10:in `synchronize'
  /Users/tarlij01/.rvm/rubies/ruby-1.9.3-p194/lib/ruby/1.9.1/webrick/httpserver.rb:138:in `service'
  /Users/tarlij01/.rvm/rubies/ruby-1.9.3-p194/lib/ruby/1.9.1/webrick/httpserver.rb:94:in `run'
  /Users/tarlij01/.rvm/rubies/ruby-1.9.3-p194/lib/ruby/1.9.1/webrick/server.rb:191:in `block in start_thread'

Rendered rescues/_trace (11.0ms)
Rendered rescues/_request_and_response (2.2ms)
Rendering rescues/layout (internal_server_error)
  [4;36;1mSQL (0.2ms)[0m   [0;1mSET SQL_AUTO_IS_NULL=0[0m


Processing HomeController#index (for 127.0.0.1 at 2012-10-16 14:24:30) [GET]
Rendering template within layouts/application
Rendering home/index
Rendered person/_examples (1.5ms)
Completed in 18ms (View: 17, DB: 0) | 200 OK [http://localhost/]
  [4;35;1mSQL (0.1ms)[0m   [0mSET SQL_AUTO_IS_NULL=0[0m


Processing PersonController#show (for 127.0.0.1 at 2012-10-16 14:24:31) [GET]
  Parameters: {"person"=>"David_Cameron"}
  [4;36;1mPerson Columns (2.5ms)[0m   [0;1mSHOW FIELDS FROM `people`[0m
  [4;35;1mArticle Columns (2.1ms)[0m   [0mSHOW FIELDS FROM `articles`[0m

NoMethodError (undefined method `cooccurence_count=' for #<Person id: nil, created_at: nil, updated_at: nil>):
  app/controllers/person_controller.rb:42:in `block in show'
  app/controllers/person_controller.rb:39:in `each'
  app/controllers/person_controller.rb:39:in `show'
  <internal:prelude>:10:in `synchronize'
  /Users/tarlij01/.rvm/rubies/ruby-1.9.3-p194/lib/ruby/1.9.1/webrick/httpserver.rb:138:in `service'
  /Users/tarlij01/.rvm/rubies/ruby-1.9.3-p194/lib/ruby/1.9.1/webrick/httpserver.rb:94:in `run'
  /Users/tarlij01/.rvm/rubies/ruby-1.9.3-p194/lib/ruby/1.9.1/webrick/server.rb:191:in `block in start_thread'

Rendered rescues/_trace (11.0ms)
Rendered rescues/_request_and_response (2.2ms)
Rendering rescues/layout (internal_server_error)
  [4;36;1mSQL (0.2ms)[0m   [0;1mSET SQL_AUTO_IS_NULL=0[0m


Processing PersonController#show (for 127.0.0.1 at 2012-10-16 14:25:02) [GET]
  Parameters: {"person"=>"David_Cameron"}
  [4;35;1mPerson Columns (2.4ms)[0m   [0mSHOW FIELDS FROM `people`[0m
  [4;36;1mArticle Columns (2.1ms)[0m   [0;1mSHOW FIELDS FROM `articles`[0m
  [4;35;1mOrganisation Columns (3.1ms)[0m   [0mSHOW FIELDS FROM `organisations`[0m

NoMethodError (undefined method `cooccurence_count=' for #<Organisation id: nil, created_at: nil, updated_at: nil>):
  app/controllers/person_controller.rb:55:in `block in show'
  app/controllers/person_controller.rb:52:in `each'
  app/controllers/person_controller.rb:52:in `show'
  <internal:prelude>:10:in `synchronize'
  /Users/tarlij01/.rvm/rubies/ruby-1.9.3-p194/lib/ruby/1.9.1/webrick/httpserver.rb:138:in `service'
  /Users/tarlij01/.rvm/rubies/ruby-1.9.3-p194/lib/ruby/1.9.1/webrick/httpserver.rb:94:in `run'
  /Users/tarlij01/.rvm/rubies/ruby-1.9.3-p194/lib/ruby/1.9.1/webrick/server.rb:191:in `block in start_thread'

Rendered rescues/_trace (13.2ms)
Rendered rescues/_request_and_response (2.3ms)
Rendering rescues/layout (internal_server_error)
  [4;36;1mSQL (0.1ms)[0m   [0;1mSET SQL_AUTO_IS_NULL=0[0m


Processing PersonController#show (for 127.0.0.1 at 2012-10-16 14:25:05) [GET]
  Parameters: {"person"=>"David_Cameron"}
  [4;35;1mPerson Columns (3.1ms)[0m   [0mSHOW FIELDS FROM `people`[0m
  [4;36;1mArticle Columns (2.7ms)[0m   [0;1mSHOW FIELDS FROM `articles`[0m
  [4;35;1mOrganisation Columns (3.1ms)[0m   [0mSHOW FIELDS FROM `organisations`[0m

NoMethodError (undefined method `cooccurence_count=' for #<Organisation id: nil, created_at: nil, updated_at: nil>):
  app/controllers/person_controller.rb:55:in `block in show'
  app/controllers/person_controller.rb:52:in `each'
  app/controllers/person_controller.rb:52:in `show'
  <internal:prelude>:10:in `synchronize'
  /Users/tarlij01/.rvm/rubies/ruby-1.9.3-p194/lib/ruby/1.9.1/webrick/httpserver.rb:138:in `service'
  /Users/tarlij01/.rvm/rubies/ruby-1.9.3-p194/lib/ruby/1.9.1/webrick/httpserver.rb:94:in `run'
  /Users/tarlij01/.rvm/rubies/ruby-1.9.3-p194/lib/ruby/1.9.1/webrick/server.rb:191:in `block in start_thread'

Rendered rescues/_trace (11.7ms)
Rendered rescues/_request_and_response (0.8ms)
Rendering rescues/layout (internal_server_error)
  [4;36;1mSQL (0.1ms)[0m   [0;1mSET SQL_AUTO_IS_NULL=0[0m


Processing HomeController#index (for 127.0.0.1 at 2012-10-16 14:25:09) [GET]
Rendering template within layouts/application
Rendering home/index
Rendered person/_examples (1.5ms)
Completed in 44ms (View: 42, DB: 0) | 200 OK [http://localhost/]
  [4;35;1mSQL (0.2ms)[0m   [0mSET SQL_AUTO_IS_NULL=0[0m


Processing PersonController#show (for 127.0.0.1 at 2012-10-16 14:25:12) [GET]
  Parameters: {"person"=>"David_Cameron"}
  [4;36;1mPerson Columns (3.6ms)[0m   [0;1mSHOW FIELDS FROM `people`[0m
  [4;35;1mArticle Columns (2.2ms)[0m   [0mSHOW FIELDS FROM `articles`[0m
  [4;36;1mOrganisation Columns (3.5ms)[0m   [0;1mSHOW FIELDS FROM `organisations`[0m

NoMethodError (undefined method `cooccurence_count=' for #<Organisation id: nil, created_at: nil, updated_at: nil>):
  app/controllers/person_controller.rb:55:in `block in show'
  app/controllers/person_controller.rb:52:in `each'
  app/controllers/person_controller.rb:52:in `show'
  <internal:prelude>:10:in `synchronize'
  /Users/tarlij01/.rvm/rubies/ruby-1.9.3-p194/lib/ruby/1.9.1/webrick/httpserver.rb:138:in `service'
  /Users/tarlij01/.rvm/rubies/ruby-1.9.3-p194/lib/ruby/1.9.1/webrick/httpserver.rb:94:in `run'
  /Users/tarlij01/.rvm/rubies/ruby-1.9.3-p194/lib/ruby/1.9.1/webrick/server.rb:191:in `block in start_thread'

Rendered rescues/_trace (29.2ms)
Rendered rescues/_request_and_response (0.4ms)
Rendering rescues/layout (internal_server_error)
  [4;36;1mSQL (0.3ms)[0m   [0;1mSET SQL_AUTO_IS_NULL=0[0m


Processing HomeController#index (for 127.0.0.1 at 2012-10-16 14:25:45) [GET]
Rendering template within layouts/application
Rendering home/index
Rendered person/_examples (1.5ms)
Completed in 18ms (View: 17, DB: 0) | 200 OK [http://localhost/]
  [4;35;1mSQL (0.2ms)[0m   [0mSET SQL_AUTO_IS_NULL=0[0m


Processing PersonController#show (for 127.0.0.1 at 2012-10-16 14:25:48) [GET]
  Parameters: {"person"=>"David_Cameron"}
  [4;36;1mPerson Columns (2.2ms)[0m   [0;1mSHOW FIELDS FROM `people`[0m
  [4;35;1mArticle Columns (2.1ms)[0m   [0mSHOW FIELDS FROM `articles`[0m
  [4;36;1mOrganisation Columns (2.6ms)[0m   [0;1mSHOW FIELDS FROM `organisations`[0m

NoMethodError (undefined method `image_uri=' for #<Organisation id: nil, created_at: nil, updated_at: nil>):
  app/controllers/person_controller.rb:57:in `block in show'
  app/controllers/person_controller.rb:52:in `each'
  app/controllers/person_controller.rb:52:in `show'
  <internal:prelude>:10:in `synchronize'
  /Users/tarlij01/.rvm/rubies/ruby-1.9.3-p194/lib/ruby/1.9.1/webrick/httpserver.rb:138:in `service'
  /Users/tarlij01/.rvm/rubies/ruby-1.9.3-p194/lib/ruby/1.9.1/webrick/httpserver.rb:94:in `run'
  /Users/tarlij01/.rvm/rubies/ruby-1.9.3-p194/lib/ruby/1.9.1/webrick/server.rb:191:in `block in start_thread'

Rendered rescues/_trace (10.9ms)
Rendered rescues/_request_and_response (2.3ms)
Rendering rescues/layout (internal_server_error)
  [4;36;1mSQL (0.2ms)[0m   [0;1mSET SQL_AUTO_IS_NULL=0[0m


Processing HomeController#index (for 127.0.0.1 at 2012-10-16 14:26:22) [GET]
Rendering template within layouts/application
Rendering home/index
Rendered person/_examples (1.9ms)
Completed in 22ms (View: 21, DB: 0) | 200 OK [http://localhost/]
  [4;35;1mSQL (0.3ms)[0m   [0mSET SQL_AUTO_IS_NULL=0[0m


Processing HomeController#index (for 127.0.0.1 at 2012-10-16 14:26:24) [GET]
Rendering template within layouts/application
Rendering home/index
Rendered person/_examples (20.1ms)
Completed in 24ms (View: 22, DB: 0) | 200 OK [http://localhost/]
  [4;36;1mSQL (0.2ms)[0m   [0;1mSET SQL_AUTO_IS_NULL=0[0m


Processing PersonController#show (for 127.0.0.1 at 2012-10-16 14:26:26) [GET]
  Parameters: {"person"=>"David_Cameron"}
  [4;35;1mPerson Columns (2.8ms)[0m   [0mSHOW FIELDS FROM `people`[0m
  [4;36;1mArticle Columns (2.1ms)[0m   [0;1mSHOW FIELDS FROM `articles`[0m
  [4;35;1mOrganisation Columns (3.0ms)[0m   [0mSHOW FIELDS FROM `organisations`[0m
  [4;36;1mProgramme Columns (2.6ms)[0m   [0;1mSHOW FIELDS FROM `programmes`[0m

NoMethodError (undefined method `pid=' for #<Programme id: nil, created_at: nil, updated_at: nil>):
  app/controllers/person_controller.rb:78:in `block in show'
  app/controllers/person_controller.rb:76:in `each'
  app/controllers/person_controller.rb:76:in `show'
  <internal:prelude>:10:in `synchronize'
  /Users/tarlij01/.rvm/rubies/ruby-1.9.3-p194/lib/ruby/1.9.1/webrick/httpserver.rb:138:in `service'
  /Users/tarlij01/.rvm/rubies/ruby-1.9.3-p194/lib/ruby/1.9.1/webrick/httpserver.rb:94:in `run'
  /Users/tarlij01/.rvm/rubies/ruby-1.9.3-p194/lib/ruby/1.9.1/webrick/server.rb:191:in `block in start_thread'

Rendered rescues/_trace (11.1ms)
Rendered rescues/_request_and_response (2.1ms)
Rendering rescues/layout (internal_server_error)
  [4;36;1mSQL (0.1ms)[0m   [0;1mSET SQL_AUTO_IS_NULL=0[0m


Processing HomeController#index (for 127.0.0.1 at 2012-10-16 14:28:27) [GET]
Rendering template within layouts/application
Rendering home/index
Rendered person/_examples (1.4ms)
Completed in 19ms (View: 18, DB: 0) | 200 OK [http://localhost/]
  [4;35;1mSQL (0.1ms)[0m   [0mSET SQL_AUTO_IS_NULL=0[0m


Processing PersonController#show (for 127.0.0.1 at 2012-10-16 14:28:29) [GET]
  Parameters: {"person"=>"David_Cameron"}
  [4;36;1mPerson Columns (2.4ms)[0m   [0;1mSHOW FIELDS FROM `people`[0m
  [4;35;1mArticle Columns (2.0ms)[0m   [0mSHOW FIELDS FROM `articles`[0m
  [4;36;1mOrganisation Columns (3.4ms)[0m   [0;1mSHOW FIELDS FROM `organisations`[0m
  [4;35;1mProgramme Columns (2.5ms)[0m   [0mSHOW FIELDS FROM `programmes`[0m
Rendering template within layouts/application
Rendering person/show
Rendered person/_person (1.3ms)
Rendered person/_person (0.3ms)
Rendered person/_person (0.3ms)
Rendered person/_person (0.3ms)
Rendered person/_subject_person (1.0ms)
Rendered person/_person (0.3ms)
Rendered person/_person (0.3ms)
Rendered person/_person (0.2ms)
Rendered person/_person (0.2ms)
Rendered organisation/_organisation (0.9ms)
Rendered organisation/_organisation (0.2ms)
Rendered organisation/_organisation (0.2ms)
Rendered organisation/_organisation (0.2ms)
Rendered organisation/_organisation (0.2ms)
Rendered organisation/_organisation (0.2ms)
Rendered organisation/_organisation (0.2ms)
Rendered organisation/_organisation (0.2ms)
Rendered organisation/_organisation (0.2ms)

ActionView::TemplateError (undefined method `strftime' for "2012-10-02T12:40:31Z":String) on line #3 of app/views/article/_article.rhtml:
1: <li>
2: 	<%= content_tag( 'h3', link_to( ( h article.headline ), ( h  article.uri ) ) ) %>
3: 	<%= content_tag( 'p', "Published: #{h article.published_at.strftime( '%A, %d %B %Y @ %H:%M' )}", :class => 'date' ) %>
4: </li>

    app/views/article/_article.rhtml:3:in `_run_rhtml_app47views47article47_article46rhtml_locals_article_article_counter_object'
    app/views/person/show.rhtml:47:in `_run_rhtml_app47views47person47show46rhtml'
    <internal:prelude>:10:in `synchronize'
    /Users/tarlij01/.rvm/rubies/ruby-1.9.3-p194/lib/ruby/1.9.1/webrick/httpserver.rb:138:in `service'
    /Users/tarlij01/.rvm/rubies/ruby-1.9.3-p194/lib/ruby/1.9.1/webrick/httpserver.rb:94:in `run'
    /Users/tarlij01/.rvm/rubies/ruby-1.9.3-p194/lib/ruby/1.9.1/webrick/server.rb:191:in `block in start_thread'

Rendered rescues/_trace (18.2ms)
Rendered rescues/_request_and_response (2.4ms)
Rendering rescues/layout (internal_server_error)
  [4;36;1mSQL (0.3ms)[0m   [0;1mSET SQL_AUTO_IS_NULL=0[0m


Processing HomeController#index (for 127.0.0.1 at 2012-10-16 14:29:32) [GET]
Rendering template within layouts/application
Rendering home/index
Rendered person/_examples (3.2ms)
Completed in 15ms (View: 13, DB: 0) | 200 OK [http://localhost/]
  [4;35;1mSQL (0.1ms)[0m   [0mSET SQL_AUTO_IS_NULL=0[0m


Processing PersonController#show (for 127.0.0.1 at 2012-10-16 14:29:33) [GET]
  Parameters: {"person"=>"David_Cameron"}
  [4;36;1mPerson Columns (2.1ms)[0m   [0;1mSHOW FIELDS FROM `people`[0m
  [4;35;1mArticle Columns (2.2ms)[0m   [0mSHOW FIELDS FROM `articles`[0m
  [4;36;1mOrganisation Columns (2.6ms)[0m   [0;1mSHOW FIELDS FROM `organisations`[0m
  [4;35;1mProgramme Columns (2.4ms)[0m   [0mSHOW FIELDS FROM `programmes`[0m
Rendering template within layouts/application
Rendering person/show
Rendered person/_person (1.7ms)
Rendered person/_person (0.9ms)
Rendered person/_person (0.9ms)
Rendered person/_person (0.9ms)
Rendered person/_subject_person (1.6ms)
Rendered person/_person (1.6ms)
Rendered person/_person (54.5ms)
Rendered person/_person (0.9ms)
Rendered person/_person (0.7ms)
Rendered organisation/_organisation (2.4ms)
Rendered organisation/_organisation (0.9ms)
Rendered organisation/_organisation (1.0ms)
Rendered organisation/_organisation (1.0ms)
Rendered organisation/_organisation (0.8ms)
Rendered organisation/_organisation (0.8ms)
Rendered organisation/_organisation (0.7ms)
Rendered organisation/_organisation (0.7ms)
Rendered organisation/_organisation (0.8ms)

ActionView::TemplateError (undefined method `strftime' for "2012-10-02T12:40:31Z":String) on line #3 of app/views/article/_article.rhtml:
1: <li>
2: 	<%= content_tag( 'h3', link_to( ( h article.headline ), ( h  article.uri ) ) ) %>
3: 	<%= content_tag( 'p', "Published: #{h article.published_at.strftime( '%A, %d %B %Y @ %H:%M' )}", :class => 'date' ) %>
4: </li>

    app/views/article/_article.rhtml:3:in `_run_rhtml_app47views47article47_article46rhtml_locals_article_article_counter_object'
    app/views/person/show.rhtml:47:in `_run_rhtml_app47views47person47show46rhtml'
    /Users/tarlij01/.rvm/rubies/ruby-1.8.7-p370/lib/ruby/1.8/webrick/httpserver.rb:104:in `service'
    /Users/tarlij01/.rvm/rubies/ruby-1.8.7-p370/lib/ruby/1.8/webrick/httpserver.rb:65:in `run'
    /Users/tarlij01/.rvm/rubies/ruby-1.8.7-p370/lib/ruby/1.8/webrick/server.rb:173:in `start_thread'
    /Users/tarlij01/.rvm/rubies/ruby-1.8.7-p370/lib/ruby/1.8/webrick/server.rb:162:in `start'
    /Users/tarlij01/.rvm/rubies/ruby-1.8.7-p370/lib/ruby/1.8/webrick/server.rb:162:in `start_thread'
    /Users/tarlij01/.rvm/rubies/ruby-1.8.7-p370/lib/ruby/1.8/webrick/server.rb:95:in `start'
    /Users/tarlij01/.rvm/rubies/ruby-1.8.7-p370/lib/ruby/1.8/webrick/server.rb:92:in `each'
    /Users/tarlij01/.rvm/rubies/ruby-1.8.7-p370/lib/ruby/1.8/webrick/server.rb:92:in `start'
    /Users/tarlij01/.rvm/rubies/ruby-1.8.7-p370/lib/ruby/1.8/webrick/server.rb:23:in `start'
    /Users/tarlij01/.rvm/rubies/ruby-1.8.7-p370/lib/ruby/1.8/webrick/server.rb:82:in `start'

Rendered rescues/_trace (42.4ms)
Rendered rescues/_request_and_response (0.9ms)
Rendering rescues/layout (internal_server_error)
  [4;36;1mSQL (0.2ms)[0m   [0;1mSET SQL_AUTO_IS_NULL=0[0m


Processing HomeController#index (for 127.0.0.1 at 2012-10-16 14:32:34) [GET]
Rendering template within layouts/application
Rendering home/index
Rendered person/_examples (2.5ms)
Completed in 13ms (View: 12, DB: 0) | 200 OK [http://localhost/]
  [4;35;1mSQL (0.2ms)[0m   [0mSET SQL_AUTO_IS_NULL=0[0m


Processing PersonController#show (for 127.0.0.1 at 2012-10-16 14:32:36) [GET]
  Parameters: {"person"=>"David_Cameron"}
  [4;36;1mPerson Columns (2.7ms)[0m   [0;1mSHOW FIELDS FROM `people`[0m
  [4;35;1mArticle Columns (2.5ms)[0m   [0mSHOW FIELDS FROM `articles`[0m
  [4;36;1mOrganisation Columns (2.9ms)[0m   [0;1mSHOW FIELDS FROM `organisations`[0m
  [4;35;1mProgramme Columns (2.9ms)[0m   [0mSHOW FIELDS FROM `programmes`[0m
Rendering template within layouts/application
Rendering person/show
Rendered person/_person (1.6ms)
Rendered person/_person (0.8ms)
Rendered person/_person (0.8ms)
Rendered person/_person (0.8ms)
Rendered person/_subject_person (1.3ms)
Rendered person/_person (0.8ms)
Rendered person/_person (0.9ms)
Rendered person/_person (0.9ms)
Rendered person/_person (0.9ms)
Rendered organisation/_organisation (1.3ms)
Rendered organisation/_organisation (0.4ms)
Rendered organisation/_organisation (0.5ms)
Rendered organisation/_organisation (0.6ms)
Rendered organisation/_organisation (0.5ms)
Rendered organisation/_organisation (0.5ms)
Rendered organisation/_organisation (0.5ms)
Rendered organisation/_organisation (0.5ms)
Rendered organisation/_organisation (0.5ms)

ActionView::TemplateError (undefined method `strftime' for "2012-10-02T12:40:31Z":String) on line #3 of app/views/article/_article.rhtml:
1: <li>
2: 	<%= content_tag( 'h3', link_to( ( h article.headline ), ( h  article.uri ) ) ) %>
3: 	<%= content_tag( 'p', "Published: #{h article.published_at.to_s.strftime( '%A, %d %B %Y @ %H:%M' )}", :class => 'date' ) %>
4: </li>

    app/views/article/_article.rhtml:3:in `_run_rhtml_app47views47article47_article46rhtml_locals_article_article_counter_object'
    app/views/person/show.rhtml:47:in `_run_rhtml_app47views47person47show46rhtml'
    /Users/tarlij01/.rvm/rubies/ruby-1.8.7-p370/lib/ruby/1.8/webrick/httpserver.rb:104:in `service'
    /Users/tarlij01/.rvm/rubies/ruby-1.8.7-p370/lib/ruby/1.8/webrick/httpserver.rb:65:in `run'
    /Users/tarlij01/.rvm/rubies/ruby-1.8.7-p370/lib/ruby/1.8/webrick/server.rb:173:in `start_thread'
    /Users/tarlij01/.rvm/rubies/ruby-1.8.7-p370/lib/ruby/1.8/webrick/server.rb:162:in `start'
    /Users/tarlij01/.rvm/rubies/ruby-1.8.7-p370/lib/ruby/1.8/webrick/server.rb:162:in `start_thread'
    /Users/tarlij01/.rvm/rubies/ruby-1.8.7-p370/lib/ruby/1.8/webrick/server.rb:95:in `start'
    /Users/tarlij01/.rvm/rubies/ruby-1.8.7-p370/lib/ruby/1.8/webrick/server.rb:92:in `each'
    /Users/tarlij01/.rvm/rubies/ruby-1.8.7-p370/lib/ruby/1.8/webrick/server.rb:92:in `start'
    /Users/tarlij01/.rvm/rubies/ruby-1.8.7-p370/lib/ruby/1.8/webrick/server.rb:23:in `start'
    /Users/tarlij01/.rvm/rubies/ruby-1.8.7-p370/lib/ruby/1.8/webrick/server.rb:82:in `start'

Rendered rescues/_trace (41.1ms)
Rendered rescues/_request_and_response (0.9ms)
Rendering rescues/layout (internal_server_error)
  [4;36;1mSQL (0.1ms)[0m   [0;1mSET SQL_AUTO_IS_NULL=0[0m


Processing HomeController#index (for 127.0.0.1 at 2012-10-16 14:34:28) [GET]
Rendering template within layouts/application
Rendering home/index
Rendered person/_examples (2.6ms)
Completed in 12ms (View: 11, DB: 0) | 200 OK [http://localhost/]
  [4;35;1mSQL (0.2ms)[0m   [0mSET SQL_AUTO_IS_NULL=0[0m


Processing PersonController#show (for 127.0.0.1 at 2012-10-16 14:34:30) [GET]
  Parameters: {"person"=>"David_Cameron"}
  [4;36;1mPerson Columns (2.3ms)[0m   [0;1mSHOW FIELDS FROM `people`[0m
  [4;35;1mArticle Columns (2.0ms)[0m   [0mSHOW FIELDS FROM `articles`[0m
  [4;36;1mOrganisation Columns (3.2ms)[0m   [0;1mSHOW FIELDS FROM `organisations`[0m
  [4;35;1mProgramme Columns (2.1ms)[0m   [0mSHOW FIELDS FROM `programmes`[0m
Rendering template within layouts/application
Rendering person/show
Rendered person/_person (1.8ms)
Rendered person/_person (1.0ms)
Rendered person/_person (0.8ms)
Rendered person/_person (0.8ms)
Rendered person/_subject_person (1.5ms)
Rendered person/_person (0.7ms)
Rendered person/_person (0.8ms)
Rendered person/_person (0.8ms)
Rendered person/_person (0.7ms)
Rendered organisation/_organisation (1.2ms)
Rendered organisation/_organisation (0.4ms)
Rendered organisation/_organisation (0.5ms)
Rendered organisation/_organisation (0.5ms)
Rendered organisation/_organisation (0.5ms)
Rendered organisation/_organisation (0.5ms)
Rendered organisation/_organisation (0.5ms)
Rendered organisation/_organisation (0.5ms)
Rendered organisation/_organisation (0.6ms)
ERROR: compiling _run_rhtml_app47views47article47_article46rhtml_locals_article_article_counter_object RAISED compile error
/Users/tarlij01/workspace/rails/newspeople/app/views/article/_article.rhtml:6: syntax error, unexpected kENSURE, expecting ')'
/Users/tarlij01/workspace/rails/newspeople/app/views/article/_article.rhtml:8: syntax error, unexpected kEND, expecting ')'
Function body:           def _run_rhtml_app47views47article47_article46rhtml_locals_article_article_counter_object(local_assigns)
            old_output_buffer = output_buffer;object = local_assigns[:object];article = local_assigns[:article];article_counter = local_assigns[:article_counter];;@output_buffer = '';  __in_erb_template=true ; @output_buffer.concat "<li>\n\t"
; @output_buffer.concat(( content_tag( 'h3', link_to( ( h article.headline ), ( h  article.uri ) ) ) ).to_s); @output_buffer.concat "\n\t"
; @output_buffer.concat(( #content_tag( 'p', "Published: #{h article.published_at.to_s.strftime( '%A, %d %B %Y @ %H:%M' )}", :class => 'date' ) ).to_s); @output_buffer.concat "\n</li>\n"

; @output_buffer
          ensure
            self.output_buffer = old_output_buffer
          end
Backtrace: /Users/tarlij01/workspace/rails/newspeople/app/views/article/_article.rhtml:8:in `compile!'
/Users/tarlij01/.rvm/gems/ruby-1.8.7-p370/gems/actionpack-2.3.14/lib/action_view/renderable.rb:61:in `compile'
/Users/tarlij01/.rvm/gems/ruby-1.8.7-p370/gems/actionpack-2.3.14/lib/action_view/renderable.rb:28:in `render'
/Users/tarlij01/.rvm/gems/ruby-1.8.7-p370/gems/actionpack-2.3.14/lib/action_view/renderable_partial.rb:20:in `render'
/Users/tarlij01/.rvm/gems/ruby-1.8.7-p370/gems/actionpack-2.3.14/lib/action_controller/benchmarking.rb:26:in `benchmark'
/Users/tarlij01/.rvm/gems/ruby-1.8.7-p370/gems/activesupport-2.3.14/lib/active_support/core_ext/benchmark.rb:17:in `ms'
/Users/tarlij01/.rvm/rubies/ruby-1.8.7-p370/lib/ruby/1.8/benchmark.rb:308:in `realtime'
/Users/tarlij01/.rvm/gems/ruby-1.8.7-p370/gems/activesupport-2.3.14/lib/active_support/core_ext/benchmark.rb:17:in `ms'
/Users/tarlij01/.rvm/gems/ruby-1.8.7-p370/gems/actionpack-2.3.14/lib/action_controller/benchmarking.rb:26:in `benchmark'
/Users/tarlij01/.rvm/gems/ruby-1.8.7-p370/gems/actionpack-2.3.14/lib/action_view/renderable_partial.rb:19:in `render'
/Users/tarlij01/.rvm/gems/ruby-1.8.7-p370/gems/actionpack-2.3.14/lib/action_view/template.rb:205:in `render_template'
/Users/tarlij01/.rvm/gems/ruby-1.8.7-p370/gems/actionpack-2.3.14/lib/action_view/renderable_partial.rb:44:in `render_partial'
/Users/tarlij01/.rvm/gems/ruby-1.8.7-p370/gems/actionpack-2.3.14/lib/action_view/partials.rb:222:in `render_partial_collection'
/Users/tarlij01/.rvm/gems/ruby-1.8.7-p370/gems/actionpack-2.3.14/lib/action_view/partials.rb:216:in `map'
/Users/tarlij01/.rvm/gems/ruby-1.8.7-p370/gems/actionpack-2.3.14/lib/action_view/partials.rb:216:in `render_partial_collection'
/Users/tarlij01/.rvm/gems/ruby-1.8.7-p370/gems/actionpack-2.3.14/lib/action_view/partials.rb:182:in `render_partial'
/Users/tarlij01/.rvm/gems/ruby-1.8.7-p370/gems/actionpack-2.3.14/lib/action_view/base.rb:267:in `render'
/Users/tarlij01/workspace/rails/newspeople/app/views/person/show.rhtml:47:in `_run_rhtml_app47views47person47show46rhtml'
/Users/tarlij01/.rvm/gems/ruby-1.8.7-p370/gems/actionpack-2.3.14/lib/action_view/renderable.rb:34:in `send'
/Users/tarlij01/.rvm/gems/ruby-1.8.7-p370/gems/actionpack-2.3.14/lib/action_view/renderable.rb:34:in `render'
/Users/tarlij01/.rvm/gems/ruby-1.8.7-p370/gems/actionpack-2.3.14/lib/action_view/base.rb:306:in `with_template'
/Users/tarlij01/.rvm/gems/ruby-1.8.7-p370/gems/actionpack-2.3.14/lib/action_view/renderable.rb:30:in `render'
/Users/tarlij01/.rvm/gems/ruby-1.8.7-p370/gems/actionpack-2.3.14/lib/action_view/template.rb:205:in `render_template'
/Users/tarlij01/.rvm/gems/ruby-1.8.7-p370/gems/actionpack-2.3.14/lib/action_view/base.rb:265:in `render'
/Users/tarlij01/.rvm/gems/ruby-1.8.7-p370/gems/actionpack-2.3.14/lib/action_view/base.rb:348:in `_render_with_layout'
/Users/tarlij01/.rvm/gems/ruby-1.8.7-p370/gems/actionpack-2.3.14/lib/action_view/base.rb:262:in `render'
/Users/tarlij01/.rvm/gems/ruby-1.8.7-p370/gems/actionpack-2.3.14/lib/action_controller/base.rb:1252:in `render_for_file'
/Users/tarlij01/.rvm/gems/ruby-1.8.7-p370/gems/actionpack-2.3.14/lib/action_controller/base.rb:936:in `render_without_benchmark'
/Users/tarlij01/.rvm/gems/ruby-1.8.7-p370/gems/actionpack-2.3.14/lib/action_controller/benchmarking.rb:51:in `render'
/Users/tarlij01/.rvm/gems/ruby-1.8.7-p370/gems/activesupport-2.3.14/lib/active_support/core_ext/benchmark.rb:17:in `ms'
/Users/tarlij01/.rvm/rubies/ruby-1.8.7-p370/lib/ruby/1.8/benchmark.rb:308:in `realtime'
/Users/tarlij01/.rvm/gems/ruby-1.8.7-p370/gems/activesupport-2.3.14/lib/active_support/core_ext/benchmark.rb:17:in `ms'
/Users/tarlij01/.rvm/gems/ruby-1.8.7-p370/gems/actionpack-2.3.14/lib/action_controller/benchmarking.rb:51:in `render'
/Users/tarlij01/.rvm/gems/ruby-1.8.7-p370/gems/actionpack-2.3.14/lib/action_controller/base.rb:1328:in `default_render'
/Users/tarlij01/.rvm/gems/ruby-1.8.7-p370/gems/actionpack-2.3.14/lib/action_controller/base.rb:1334:in `perform_action_without_filters'
/Users/tarlij01/.rvm/gems/ruby-1.8.7-p370/gems/actionpack-2.3.14/lib/action_controller/filters.rb:617:in `call_filters'
/Users/tarlij01/.rvm/gems/ruby-1.8.7-p370/gems/actionpack-2.3.14/lib/action_controller/filters.rb:610:in `perform_action_without_benchmark'
/Users/tarlij01/.rvm/gems/ruby-1.8.7-p370/gems/actionpack-2.3.14/lib/action_controller/benchmarking.rb:68:in `perform_action_without_rescue'
/Users/tarlij01/.rvm/gems/ruby-1.8.7-p370/gems/activesupport-2.3.14/lib/active_support/core_ext/benchmark.rb:17:in `ms'
/Users/tarlij01/.rvm/rubies/ruby-1.8.7-p370/lib/ruby/1.8/benchmark.rb:308:in `realtime'
/Users/tarlij01/.rvm/gems/ruby-1.8.7-p370/gems/activesupport-2.3.14/lib/active_support/core_ext/benchmark.rb:17:in `ms'
/Users/tarlij01/.rvm/gems/ruby-1.8.7-p370/gems/actionpack-2.3.14/lib/action_controller/benchmarking.rb:68:in `perform_action_without_rescue'
/Users/tarlij01/.rvm/gems/ruby-1.8.7-p370/gems/actionpack-2.3.14/lib/action_controller/rescue.rb:160:in `perform_action_without_flash'
/Users/tarlij01/.rvm/gems/ruby-1.8.7-p370/gems/actionpack-2.3.14/lib/action_controller/flash.rb:151:in `perform_action'
/Users/tarlij01/.rvm/gems/ruby-1.8.7-p370/gems/actionpack-2.3.14/lib/action_controller/base.rb:532:in `send'
/Users/tarlij01/.rvm/gems/ruby-1.8.7-p370/gems/actionpack-2.3.14/lib/action_controller/base.rb:532:in `process_without_filters'
/Users/tarlij01/.rvm/gems/ruby-1.8.7-p370/gems/actionpack-2.3.14/lib/action_controller/filters.rb:606:in `process'
/Users/tarlij01/.rvm/gems/ruby-1.8.7-p370/gems/actionpack-2.3.14/lib/action_controller/base.rb:391:in `process'
/Users/tarlij01/.rvm/gems/ruby-1.8.7-p370/gems/actionpack-2.3.14/lib/action_controller/base.rb:386:in `call'
/Users/tarlij01/.rvm/gems/ruby-1.8.7-p370/gems/actionpack-2.3.14/lib/action_controller/routing/route_set.rb:438:in `call'
/Users/tarlij01/.rvm/gems/ruby-1.8.7-p370/gems/actionpack-2.3.14/lib/action_controller/dispatcher.rb:87:in `dispatch'
/Users/tarlij01/.rvm/gems/ruby-1.8.7-p370/gems/actionpack-2.3.14/lib/action_controller/dispatcher.rb:121:in `_call'
/Users/tarlij01/.rvm/gems/ruby-1.8.7-p370/gems/actionpack-2.3.14/lib/action_controller/dispatcher.rb:130:in `build_middleware_stack'
/Users/tarlij01/.rvm/gems/ruby-1.8.7-p370/gems/activerecord-2.3.14/lib/active_record/query_cache.rb:29:in `call'
/Users/tarlij01/.rvm/gems/ruby-1.8.7-p370/gems/activerecord-2.3.14/lib/active_record/query_cache.rb:29:in `call'
/Users/tarlij01/.rvm/gems/ruby-1.8.7-p370/gems/activerecord-2.3.14/lib/active_record/connection_adapters/abstract/query_cache.rb:34:in `cache'
/Users/tarlij01/.rvm/gems/ruby-1.8.7-p370/gems/activerecord-2.3.14/lib/active_record/query_cache.rb:9:in `cache'
/Users/tarlij01/.rvm/gems/ruby-1.8.7-p370/gems/activerecord-2.3.14/lib/active_record/query_cache.rb:28:in `call'
/Users/tarlij01/.rvm/gems/ruby-1.8.7-p370/gems/activerecord-2.3.14/lib/active_record/connection_adapters/abstract/connection_pool.rb:361:in `call'
/Users/tarlij01/.rvm/gems/ruby-1.8.7-p370/gems/actionpack-2.3.14/lib/action_controller/string_coercion.rb:25:in `call'
/Users/tarlij01/.rvm/gems/ruby-1.8.7-p370/gems/rack-1.1.3/lib/rack/head.rb:9:in `call'
/Users/tarlij01/.rvm/gems/ruby-1.8.7-p370/gems/rack-1.1.3/lib/rack/methodoverride.rb:24:in `call'
/Users/tarlij01/.rvm/gems/ruby-1.8.7-p370/gems/actionpack-2.3.14/lib/action_controller/params_parser.rb:15:in `call'
/Users/tarlij01/.rvm/gems/ruby-1.8.7-p370/gems/actionpack-2.3.14/lib/action_controller/session/cookie_store.rb:99:in `call'
/Users/tarlij01/.rvm/gems/ruby-1.8.7-p370/gems/actionpack-2.3.14/lib/action_controller/failsafe.rb:26:in `call'
/Users/tarlij01/.rvm/gems/ruby-1.8.7-p370/gems/rack-1.1.3/lib/rack/lock.rb:11:in `call'
/Users/tarlij01/.rvm/gems/ruby-1.8.7-p370/gems/rack-1.1.3/lib/rack/lock.rb:11:in `synchronize'
/Users/tarlij01/.rvm/gems/ruby-1.8.7-p370/gems/rack-1.1.3/lib/rack/lock.rb:11:in `call'
/Users/tarlij01/.rvm/gems/ruby-1.8.7-p370/gems/actionpack-2.3.14/lib/action_controller/dispatcher.rb:114:in `call'
/Users/tarlij01/.rvm/gems/ruby-1.8.7-p370/gems/actionpack-2.3.14/lib/action_controller/reloader.rb:34:in `run'
/Users/tarlij01/.rvm/gems/ruby-1.8.7-p370/gems/actionpack-2.3.14/lib/action_controller/dispatcher.rb:108:in `call'
/Users/tarlij01/.rvm/gems/ruby-1.8.7-p370/gems/rails-2.3.14/lib/rails/rack/static.rb:31:in `call'
/Users/tarlij01/.rvm/gems/ruby-1.8.7-p370/gems/rack-1.1.3/lib/rack/urlmap.rb:47:in `call'
/Users/tarlij01/.rvm/gems/ruby-1.8.7-p370/gems/rack-1.1.3/lib/rack/urlmap.rb:41:in `each'
/Users/tarlij01/.rvm/gems/ruby-1.8.7-p370/gems/rack-1.1.3/lib/rack/urlmap.rb:41:in `call'
/Users/tarlij01/.rvm/gems/ruby-1.8.7-p370/gems/rails-2.3.14/lib/rails/rack/log_tailer.rb:17:in `call'
/Users/tarlij01/.rvm/gems/ruby-1.8.7-p370/gems/rack-1.1.3/lib/rack/content_length.rb:13:in `call'
/Users/tarlij01/.rvm/gems/ruby-1.8.7-p370/gems/rack-1.1.3/lib/rack/handler/webrick.rb:48:in `service'
/Users/tarlij01/.rvm/rubies/ruby-1.8.7-p370/lib/ruby/1.8/webrick/httpserver.rb:104:in `service'
/Users/tarlij01/.rvm/rubies/ruby-1.8.7-p370/lib/ruby/1.8/webrick/httpserver.rb:65:in `run'
/Users/tarlij01/.rvm/rubies/ruby-1.8.7-p370/lib/ruby/1.8/webrick/server.rb:173:in `start_thread'
/Users/tarlij01/.rvm/rubies/ruby-1.8.7-p370/lib/ruby/1.8/webrick/server.rb:162:in `start'
/Users/tarlij01/.rvm/rubies/ruby-1.8.7-p370/lib/ruby/1.8/webrick/server.rb:162:in `start_thread'
/Users/tarlij01/.rvm/rubies/ruby-1.8.7-p370/lib/ruby/1.8/webrick/server.rb:95:in `start'
/Users/tarlij01/.rvm/rubies/ruby-1.8.7-p370/lib/ruby/1.8/webrick/server.rb:92:in `each'
/Users/tarlij01/.rvm/rubies/ruby-1.8.7-p370/lib/ruby/1.8/webrick/server.rb:92:in `start'
/Users/tarlij01/.rvm/rubies/ruby-1.8.7-p370/lib/ruby/1.8/webrick/server.rb:23:in `start'
/Users/tarlij01/.rvm/rubies/ruby-1.8.7-p370/lib/ruby/1.8/webrick/server.rb:82:in `start'
/Users/tarlij01/.rvm/gems/ruby-1.8.7-p370/gems/rack-1.1.3/lib/rack/handler/webrick.rb:14:in `run'
/Users/tarlij01/.rvm/gems/ruby-1.8.7-p370/gems/rails-2.3.14/lib/commands/server.rb:111
script/server:3:in `require'
script/server:3

ActionView::TemplateError (compile error
/Users/tarlij01/workspace/rails/newspeople/app/views/article/_article.rhtml:6: syntax error, unexpected kENSURE, expecting ')'
/Users/tarlij01/workspace/rails/newspeople/app/views/article/_article.rhtml:8: syntax error, unexpected kEND, expecting ')') on line #6 of app/views/article/_article.rhtml:
3: 	<%= #content_tag( 'p', "Published: #{h article.published_at.to_s.strftime( '%A, %d %B %Y @ %H:%M' )}", :class => 'date' ) %>
4: </li>

    app/views/article/_article.rhtml:8:in `compile!'
    app/views/person/show.rhtml:47:in `_run_rhtml_app47views47person47show46rhtml'
    /Users/tarlij01/.rvm/rubies/ruby-1.8.7-p370/lib/ruby/1.8/webrick/httpserver.rb:104:in `service'
    /Users/tarlij01/.rvm/rubies/ruby-1.8.7-p370/lib/ruby/1.8/webrick/httpserver.rb:65:in `run'
    /Users/tarlij01/.rvm/rubies/ruby-1.8.7-p370/lib/ruby/1.8/webrick/server.rb:173:in `start_thread'
    /Users/tarlij01/.rvm/rubies/ruby-1.8.7-p370/lib/ruby/1.8/webrick/server.rb:162:in `start'
    /Users/tarlij01/.rvm/rubies/ruby-1.8.7-p370/lib/ruby/1.8/webrick/server.rb:162:in `start_thread'
    /Users/tarlij01/.rvm/rubies/ruby-1.8.7-p370/lib/ruby/1.8/webrick/server.rb:95:in `start'
    /Users/tarlij01/.rvm/rubies/ruby-1.8.7-p370/lib/ruby/1.8/webrick/server.rb:92:in `each'
    /Users/tarlij01/.rvm/rubies/ruby-1.8.7-p370/lib/ruby/1.8/webrick/server.rb:92:in `start'
    /Users/tarlij01/.rvm/rubies/ruby-1.8.7-p370/lib/ruby/1.8/webrick/server.rb:23:in `start'
    /Users/tarlij01/.rvm/rubies/ruby-1.8.7-p370/lib/ruby/1.8/webrick/server.rb:82:in `start'

Rendered rescues/_trace (40.8ms)
Rendered rescues/_request_and_response (1.0ms)
Rendering rescues/layout (internal_server_error)
  [4;36;1mSQL (0.1ms)[0m   [0;1mSET SQL_AUTO_IS_NULL=0[0m


Processing HomeController#index (for 127.0.0.1 at 2012-10-16 14:35:59) [GET]
Rendering template within layouts/application
Rendering home/index
Rendered person/_examples (3.4ms)
Completed in 14ms (View: 13, DB: 0) | 200 OK [http://localhost/]
  [4;35;1mSQL (0.2ms)[0m   [0mSET SQL_AUTO_IS_NULL=0[0m


Processing PersonController#show (for 127.0.0.1 at 2012-10-16 14:36:00) [GET]
  Parameters: {"person"=>"David_Cameron"}
  [4;36;1mPerson Columns (27.2ms)[0m   [0;1mSHOW FIELDS FROM `people`[0m
  [4;35;1mArticle Columns (2.6ms)[0m   [0mSHOW FIELDS FROM `articles`[0m
  [4;36;1mOrganisation Columns (38.8ms)[0m   [0;1mSHOW FIELDS FROM `organisations`[0m
  [4;35;1mProgramme Columns (2.5ms)[0m   [0mSHOW FIELDS FROM `programmes`[0m
Rendering template within layouts/application
Rendering person/show
Rendered person/_person (1.8ms)
Rendered person/_person (0.8ms)
Rendered person/_person (0.8ms)
Rendered person/_person (0.8ms)
Rendered person/_subject_person (1.4ms)
Rendered person/_person (0.8ms)
Rendered person/_person (47.6ms)
Rendered person/_person (1.0ms)
Rendered person/_person (0.8ms)
Rendered organisation/_organisation (1.2ms)
Rendered organisation/_organisation (0.5ms)
Rendered organisation/_organisation (0.6ms)
Rendered organisation/_organisation (0.6ms)
Rendered organisation/_organisation (0.5ms)
Rendered organisation/_organisation (0.6ms)
Rendered organisation/_organisation (0.5ms)
Rendered organisation/_organisation (0.5ms)
Rendered organisation/_organisation (0.7ms)
Rendered article/_article (0.8ms)
Rendered article/_article (0.2ms)
Rendered article/_article (0.2ms)
Rendered article/_article (0.2ms)
Rendered article/_article (0.2ms)
Rendered article/_article (0.2ms)
Rendered article/_article (0.2ms)
Rendered article/_article (0.2ms)
Rendered article/_article (0.2ms)
Rendered article/_article (0.2ms)
Rendered article/_article (0.2ms)
Rendered article/_article (0.2ms)
Rendered article/_article (0.2ms)
Rendered article/_article (0.2ms)
Rendered article/_article (0.2ms)
Rendered article/_article (0.2ms)
Rendered article/_article (0.2ms)
Rendered article/_article (0.2ms)
Rendered article/_article (0.2ms)
Rendered article/_article (0.2ms)
Rendered programme/_programme (0.8ms)
Rendered programme/_programme (0.3ms)
Rendered programme/_programme (0.2ms)
Rendered programme/_programme (0.2ms)
Rendered programme/_programme (0.2ms)
Completed in 857ms (View: 88, DB: 71) | 200 OK [http://localhost/people/David_Cameron]
  [4;36;1mSQL (0.1ms)[0m   [0;1mSET SQL_AUTO_IS_NULL=0[0m


Processing PersonController#show (for 127.0.0.1 at 2012-10-16 14:36:04) [GET]
  Parameters: {"person"=>"George_Osborne"}
  [4;35;1mPerson Columns (2.5ms)[0m   [0mSHOW FIELDS FROM `people`[0m
  [4;36;1mArticle Columns (1.9ms)[0m   [0;1mSHOW FIELDS FROM `articles`[0m
  [4;35;1mOrganisation Columns (35.2ms)[0m   [0mSHOW FIELDS FROM `organisations`[0m
  [4;36;1mProgramme Columns (3.4ms)[0m   [0;1mSHOW FIELDS FROM `programmes`[0m
Rendering template within layouts/application
Rendering person/show
Rendered person/_person (1.9ms)
Rendered person/_person (1.4ms)
Rendered person/_person (1.5ms)
Rendered person/_person (2.4ms)
Rendered person/_subject_person (1.5ms)
Rendered person/_person (1.1ms)
Rendered person/_person (1.2ms)
Rendered person/_person (1.6ms)
Rendered person/_person (1.2ms)
Rendered organisation/_organisation (0.5ms)
Rendered organisation/_organisation (0.5ms)
Rendered organisation/_organisation (0.5ms)
Rendered organisation/_organisation (0.5ms)
Rendered organisation/_organisation (0.5ms)
Rendered organisation/_organisation (0.5ms)
Rendered organisation/_organisation (0.6ms)
Rendered organisation/_organisation (0.5ms)
Rendered organisation/_organisation (0.5ms)
Rendered article/_article (0.2ms)
Rendered article/_article (0.2ms)
Rendered article/_article (0.2ms)
Rendered article/_article (0.2ms)
Rendered article/_article (0.2ms)
Rendered article/_article (0.2ms)
Rendered article/_article (0.2ms)
Rendered article/_article (0.2ms)
Rendered article/_article (0.2ms)
Rendered article/_article (0.2ms)
Rendered article/_article (0.2ms)
Rendered article/_article (0.2ms)
Rendered article/_article (0.2ms)
Rendered article/_article (0.2ms)
Rendered article/_article (0.2ms)
Rendered article/_article (0.2ms)
Rendered article/_article (0.2ms)
Rendered article/_article (0.2ms)
Rendered article/_article (0.2ms)
Rendered article/_article (0.2ms)
Rendered programme/_programme (0.2ms)
Completed in 5266ms (View: 65, DB: 43) | 200 OK [http://localhost/people/George_Osborne]
  [4;35;1mSQL (0.1ms)[0m   [0mSET SQL_AUTO_IS_NULL=0[0m


Processing PersonController#show (for 127.0.0.1 at 2012-10-16 14:36:31) [GET]
  Parameters: {"person"=>"David_Cameron"}
  [4;36;1mPerson Columns (3.4ms)[0m   [0;1mSHOW FIELDS FROM `people`[0m
  [4;35;1mArticle Columns (2.3ms)[0m   [0mSHOW FIELDS FROM `articles`[0m
  [4;36;1mOrganisation Columns (3.0ms)[0m   [0;1mSHOW FIELDS FROM `organisations`[0m
  [4;35;1mProgramme Columns (2.5ms)[0m   [0mSHOW FIELDS FROM `programmes`[0m
Rendering template within layouts/application
Rendering person/show
Rendered person/_person (1.1ms)
Rendered person/_person (0.8ms)
Rendered person/_person (0.8ms)
Rendered person/_person (0.8ms)
Rendered person/_subject_person (0.9ms)
Rendered person/_person (1.3ms)
Rendered person/_person (1.0ms)
Rendered person/_person (0.9ms)
Rendered person/_person (1.2ms)
Rendered organisation/_organisation (0.8ms)
Rendered organisation/_organisation (0.8ms)
Rendered organisation/_organisation (1.0ms)
Rendered organisation/_organisation (1.2ms)
Rendered organisation/_organisation (1.1ms)
Rendered organisation/_organisation (0.6ms)
Rendered organisation/_organisation (0.5ms)
Rendered organisation/_organisation (0.5ms)
Rendered organisation/_organisation (0.5ms)
Rendered article/_article (0.2ms)
Rendered article/_article (0.2ms)
Rendered article/_article (0.2ms)
Rendered article/_article (0.2ms)
Rendered article/_article (0.2ms)
Rendered article/_article (0.2ms)
Rendered article/_article (0.2ms)
Rendered article/_article (0.2ms)
Rendered article/_article (0.1ms)
Rendered article/_article (0.2ms)
Rendered article/_article (0.2ms)
Rendered article/_article (0.2ms)
Rendered article/_article (0.2ms)
Rendered article/_article (0.2ms)
Rendered article/_article (0.2ms)
Rendered article/_article (0.2ms)
Rendered article/_article (0.2ms)
Rendered article/_article (0.2ms)
Rendered article/_article (0.2ms)
Rendered article/_article (0.2ms)
Rendered programme/_programme (0.2ms)
Rendered programme/_programme (0.2ms)
Rendered programme/_programme (0.2ms)
Rendered programme/_programme (0.2ms)
Rendered programme/_programme (0.2ms)
Completed in 1124ms (View: 27, DB: 11) | 200 OK [http://localhost/people/David_Cameron]
  [4;36;1mSQL (0.2ms)[0m   [0;1mSET SQL_AUTO_IS_NULL=0[0m


Processing OrganisationController#show (for 127.0.0.1 at 2012-10-16 14:36:37) [GET]
  Parameters: {"organisation"=>"BBC"}
  [4;35;1mOrganisation Columns (2.8ms)[0m   [0mSHOW FIELDS FROM `organisations`[0m
  [4;36;1mArticle Columns (2.5ms)[0m   [0;1mSHOW FIELDS FROM `articles`[0m
  [4;35;1mPerson Columns (2.5ms)[0m   [0mSHOW FIELDS FROM `people`[0m
Rendering template within layouts/application
Rendering organisation/show
Rendered person/_person (1.4ms)
Rendered person/_person (1.2ms)
Rendered person/_person (1.2ms)
Rendered person/_person (1.4ms)
Rendered person/_person (1.0ms)
Rendered person/_person (0.8ms)
Rendered person/_person (0.8ms)
Rendered person/_person (0.8ms)
Rendered person/_person (0.7ms)
Rendered organisation/_organisation (0.5ms)
Rendered organisation/_organisation (0.4ms)
Rendered organisation/_organisation (0.5ms)
Rendered organisation/_organisation (0.5ms)
Rendered organisation/_organisation (0.5ms)
Rendered organisation/_organisation (0.8ms)
Rendered organisation/_organisation (0.4ms)
Rendered organisation/_organisation (43.8ms)
Rendered organisation/_organisation (0.6ms)
Rendered article/_article (0.3ms)
Rendered article/_article (0.2ms)
Rendered article/_article (0.2ms)
Rendered article/_article (0.2ms)
Rendered article/_article (0.2ms)
Rendered article/_article (0.2ms)
Rendered article/_article (0.2ms)
Rendered article/_article (0.2ms)
Rendered article/_article (0.2ms)
Rendered article/_article (0.2ms)
Rendered article/_article (0.2ms)
Rendered article/_article (0.2ms)
Rendered article/_article (0.2ms)
Rendered article/_article (0.2ms)
Rendered article/_article (0.2ms)
Rendered article/_article (0.2ms)
Rendered article/_article (0.2ms)
Rendered article/_article (0.2ms)
Rendered article/_article (0.2ms)
Rendered article/_article (0.2ms)
Completed in 35848ms (View: 75, DB: 8) | 200 OK [http://localhost/organisations/BBC]
  [4;36;1mSQL (0.1ms)[0m   [0;1mSET SQL_AUTO_IS_NULL=0[0m


Processing PersonController#show (for 127.0.0.1 at 2012-10-16 14:37:18) [GET]
  Parameters: {"person"=>"Bashar_al-Assad"}
  [4;35;1mPerson Columns (3.5ms)[0m   [0mSHOW FIELDS FROM `people`[0m
  [4;36;1mArticle Columns (2.1ms)[0m   [0;1mSHOW FIELDS FROM `articles`[0m
  [4;35;1mOrganisation Columns (3.5ms)[0m   [0mSHOW FIELDS FROM `organisations`[0m
Rendering template within layouts/application
Rendering person/show
Rendered person/_person (1.6ms)
Rendered person/_person (1.3ms)
Rendered person/_person (1.2ms)
Rendered person/_person (1.1ms)
Rendered person/_subject_person (1.0ms)
Rendered person/_person (1.1ms)
Rendered person/_person (1.0ms)
Rendered person/_person (0.8ms)
Rendered person/_person (0.8ms)
Rendered organisation/_organisation (0.5ms)
Rendered organisation/_organisation (0.5ms)
Rendered organisation/_organisation (0.5ms)
Rendered organisation/_organisation (0.4ms)
Rendered organisation/_organisation (0.6ms)
Rendered organisation/_organisation (0.5ms)
Rendered organisation/_organisation (0.4ms)
Rendered organisation/_organisation (0.5ms)
Rendered organisation/_organisation (0.5ms)
Rendered article/_article (0.2ms)
Rendered article/_article (0.2ms)
Rendered article/_article (0.2ms)
Rendered article/_article (0.2ms)
Rendered article/_article (0.2ms)
Rendered article/_article (0.2ms)
Rendered article/_article (0.2ms)
Rendered article/_article (0.2ms)
Rendered article/_article (0.2ms)
Rendered article/_article (0.2ms)
Rendered article/_article (0.2ms)
Rendered article/_article (0.2ms)
Rendered article/_article (0.4ms)
Rendered article/_article (0.2ms)
Rendered article/_article (0.2ms)
Rendered article/_article (0.2ms)
Rendered article/_article (0.2ms)
Rendered article/_article (0.2ms)
Rendered article/_article (0.2ms)
Rendered article/_article (0.2ms)
Completed in 2285ms (View: 25, DB: 9) | 200 OK [http://localhost/people/Bashar_al-Assad]
  [4;36;1mSQL (0.1ms)[0m   [0;1mSET SQL_AUTO_IS_NULL=0[0m


Processing PersonController#show (for 127.0.0.1 at 2012-10-16 14:38:00) [GET]
  Parameters: {"person"=>"Recep_Tayyip_Erdo%25C4%259Fan"}
  [4;35;1mPerson Columns (2.4ms)[0m   [0mSHOW FIELDS FROM `people`[0m
  [4;36;1mArticle Columns (2.0ms)[0m   [0;1mSHOW FIELDS FROM `articles`[0m
  [4;35;1mOrganisation Columns (2.9ms)[0m   [0mSHOW FIELDS FROM `organisations`[0m
Rendering template within layouts/application
Rendering person/show
Rendered person/_person (1.8ms)
Rendered person/_person (1.3ms)
Rendered person/_person (1.2ms)
Rendered person/_person (1.1ms)
Rendered person/_subject_person (1.1ms)
Rendered person/_person (1.0ms)
Rendered person/_person (1.1ms)
Rendered person/_person (1.4ms)
Rendered person/_person (1.6ms)
Rendered organisation/_organisation (0.8ms)
Rendered organisation/_organisation (0.5ms)
Rendered organisation/_organisation (0.5ms)
Rendered organisation/_organisation (0.7ms)
Rendered organisation/_organisation (0.5ms)
Rendered organisation/_organisation (0.4ms)
Rendered organisation/_organisation (0.5ms)
Rendered organisation/_organisation (0.5ms)
Rendered organisation/_organisation (0.5ms)
Rendered article/_article (0.2ms)
Rendered article/_article (0.2ms)
Rendered article/_article (0.2ms)
Rendered article/_article (0.2ms)
Rendered article/_article (0.2ms)
Rendered article/_article (0.2ms)
Rendered article/_article (0.2ms)
Rendered article/_article (0.2ms)
Rendered article/_article (0.2ms)
Rendered article/_article (0.2ms)
Rendered article/_article (0.2ms)
Rendered article/_article (0.2ms)
Rendered article/_article (0.2ms)
Rendered article/_article (0.2ms)
Rendered article/_article (0.2ms)
Rendered article/_article (0.2ms)
Rendered article/_article (0.2ms)
Rendered article/_article (0.2ms)
Rendered article/_article (0.2ms)
Rendered article/_article (0.2ms)
Completed in 4461ms (View: 27, DB: 8) | 200 OK [http://localhost/people/Recep_Tayyip_Erdo%2525C4%25259Fan]
  [4;36;1mSQL (0.1ms)[0m   [0;1mSET SQL_AUTO_IS_NULL=0[0m


Processing PersonController#show (for 127.0.0.1 at 2012-10-16 14:38:14) [GET]
  Parameters: {"person"=>"Jesus"}
  [4;35;1mPerson Columns (3.8ms)[0m   [0mSHOW FIELDS FROM `people`[0m
  [4;36;1mArticle Columns (2.8ms)[0m   [0;1mSHOW FIELDS FROM `articles`[0m
  [4;35;1mOrganisation Columns (2.8ms)[0m   [0mSHOW FIELDS FROM `organisations`[0m
  [4;36;1mProgramme Columns (3.1ms)[0m   [0;1mSHOW FIELDS FROM `programmes`[0m
Rendering template within layouts/application
Rendering person/show
Rendered person/_person (1.1ms)
Rendered person/_person (1.2ms)
Rendered person/_person (0.8ms)
Rendered person/_person (0.7ms)
Rendered person/_subject_person (0.9ms)
Rendered person/_person (1.0ms)
Rendered person/_person (1.0ms)
Rendered person/_person (0.8ms)
Rendered person/_person (0.8ms)
Rendered organisation/_organisation (0.5ms)
Rendered organisation/_organisation (0.4ms)
Rendered organisation/_organisation (0.5ms)
Rendered organisation/_organisation (0.5ms)
Rendered organisation/_organisation (0.5ms)
Rendered organisation/_organisation (0.4ms)
Rendered organisation/_organisation (0.5ms)
Rendered organisation/_organisation (0.7ms)
Rendered organisation/_organisation (0.6ms)
Rendered article/_article (0.2ms)
Rendered article/_article (0.2ms)
Rendered article/_article (0.2ms)
Rendered article/_article (0.2ms)
Rendered article/_article (0.2ms)
Rendered article/_article (0.2ms)
Rendered article/_article (0.2ms)
Rendered article/_article (0.3ms)
Rendered article/_article (0.2ms)
Rendered article/_article (0.2ms)
Rendered article/_article (0.2ms)
Rendered article/_article (0.2ms)
Rendered article/_article (0.2ms)
Rendered article/_article (0.3ms)
Rendered article/_article (0.2ms)
Rendered article/_article (0.2ms)
Rendered article/_article (0.2ms)
Rendered article/_article (0.2ms)
Rendered article/_article (0.2ms)
Rendered article/_article (0.2ms)
Rendered programme/_programme (0.2ms)
Rendered programme/_programme (0.2ms)
Completed in 1933ms (View: 65, DB: 13) | 200 OK [http://localhost/people/Jesus]
  [4;35;1mSQL (0.2ms)[0m   [0mSET SQL_AUTO_IS_NULL=0[0m


Processing PersonController#show (for 127.0.0.1 at 2012-10-16 14:38:29) [GET]
  Parameters: {"person"=>"Barack_Obama"}
  [4;36;1mPerson Columns (2.7ms)[0m   [0;1mSHOW FIELDS FROM `people`[0m
  [4;35;1mArticle Columns (2.0ms)[0m   [0mSHOW FIELDS FROM `articles`[0m
  [4;36;1mOrganisation Columns (2.9ms)[0m   [0;1mSHOW FIELDS FROM `organisations`[0m
  [4;35;1mProgramme Columns (2.7ms)[0m   [0mSHOW FIELDS FROM `programmes`[0m
Rendering template within layouts/application
Rendering person/show
Rendered person/_person (1.3ms)
Rendered person/_person (1.2ms)
Rendered person/_person (0.9ms)
Rendered person/_person (0.8ms)
Rendered person/_subject_person (0.8ms)
Rendered person/_person (1.1ms)
Rendered person/_person (0.8ms)
Rendered person/_person (0.7ms)
Rendered person/_person (0.8ms)
Rendered organisation/_organisation (0.5ms)
Rendered organisation/_organisation (0.7ms)
Rendered organisation/_organisation (1.0ms)
Rendered organisation/_organisation (0.7ms)
Rendered organisation/_organisation (0.9ms)
Rendered organisation/_organisation (0.6ms)
Rendered organisation/_organisation (0.5ms)
Rendered organisation/_organisation (0.7ms)
Rendered organisation/_organisation (0.8ms)
Rendered article/_article (0.2ms)
Rendered article/_article (0.2ms)
Rendered article/_article (0.2ms)
Rendered article/_article (0.2ms)
Rendered article/_article (0.2ms)
Rendered article/_article (0.2ms)
Rendered article/_article (0.2ms)
Rendered article/_article (0.2ms)
Rendered article/_article (0.2ms)
Rendered article/_article (0.2ms)
Rendered article/_article (0.2ms)
Rendered article/_article (0.2ms)
Rendered article/_article (0.2ms)
Rendered article/_article (0.3ms)
Rendered article/_article (0.2ms)
Rendered article/_article (0.2ms)
Rendered article/_article (0.2ms)
Rendered article/_article (0.2ms)
Rendered article/_article (0.2ms)
Rendered article/_article (0.2ms)
Rendered programme/_programme (0.2ms)
Rendered programme/_programme (0.2ms)
Rendered programme/_programme (0.2ms)
Rendered programme/_programme (0.2ms)
Rendered programme/_programme (0.2ms)
Completed in 10571ms (View: 27, DB: 10) | 200 OK [http://localhost/people/Barack_Obama]
  [4;36;1mSQL (0.2ms)[0m   [0;1mSET SQL_AUTO_IS_NULL=0[0m


Processing HomeController#index (for 127.0.0.1 at 2012-10-16 20:22:19) [GET]
Rendering template within layouts/application
Rendering home/index
Rendered person/_examples (4.0ms)
Completed in 27ms (View: 26, DB: 0) | 200 OK [http://localhost/]
  [4;35;1mSQL (0.1ms)[0m   [0mSET SQL_AUTO_IS_NULL=0[0m


Processing PersonController#show (for 127.0.0.1 at 2012-10-16 20:22:21) [GET]
  Parameters: {"person"=>"David_Cameron"}
  [4;36;1mPerson Columns (3.8ms)[0m   [0;1mSHOW FIELDS FROM `people`[0m
  [4;35;1mArticle Columns (0.0ms)[0m   [0mMysql::Error: Table 'newspeople_development.articles' doesn't exist: SHOW FIELDS FROM `articles`[0m

ActiveRecord::StatementInvalid (Mysql::Error: Table 'newspeople_development.articles' doesn't exist: SHOW FIELDS FROM `articles`):
  app/controllers/person_controller.rb:27:in `new'
  app/controllers/person_controller.rb:27:in `show'
  app/controllers/person_controller.rb:26:in `each'
  app/controllers/person_controller.rb:26:in `show'
  /Users/jeremyt/.rvm/rubies/ruby-1.8.7-p358/lib/ruby/1.8/webrick/httpserver.rb:104:in `service'
  /Users/jeremyt/.rvm/rubies/ruby-1.8.7-p358/lib/ruby/1.8/webrick/httpserver.rb:65:in `run'
  /Users/jeremyt/.rvm/rubies/ruby-1.8.7-p358/lib/ruby/1.8/webrick/server.rb:173:in `start_thread'
  /Users/jeremyt/.rvm/rubies/ruby-1.8.7-p358/lib/ruby/1.8/webrick/server.rb:162:in `start'
  /Users/jeremyt/.rvm/rubies/ruby-1.8.7-p358/lib/ruby/1.8/webrick/server.rb:162:in `start_thread'
  /Users/jeremyt/.rvm/rubies/ruby-1.8.7-p358/lib/ruby/1.8/webrick/server.rb:95:in `start'
  /Users/jeremyt/.rvm/rubies/ruby-1.8.7-p358/lib/ruby/1.8/webrick/server.rb:92:in `each'
  /Users/jeremyt/.rvm/rubies/ruby-1.8.7-p358/lib/ruby/1.8/webrick/server.rb:92:in `start'
  /Users/jeremyt/.rvm/rubies/ruby-1.8.7-p358/lib/ruby/1.8/webrick/server.rb:23:in `start'
  /Users/jeremyt/.rvm/rubies/ruby-1.8.7-p358/lib/ruby/1.8/webrick/server.rb:82:in `start'

Rendered rescues/_trace (112.7ms)
Rendered rescues/_request_and_response (1.2ms)
Rendering rescues/layout (internal_server_error)
  [4;36;1mSQL (0.1ms)[0m   [0;1mSET SQL_AUTO_IS_NULL=0[0m
  [4;35;1mSQL (0.3ms)[0m   [0mSHOW TABLES[0m
  [4;36;1mSQL (67.5ms)[0m   [0;1mCREATE TABLE `schema_migrations` (`version` varchar(255) NOT NULL) ENGINE=InnoDB[0m
  [4;35;1mSQL (0.5ms)[0m   [0mSHOW KEYS FROM `schema_migrations`[0m
  [4;36;1mSQL (169.5ms)[0m   [0;1mCREATE UNIQUE INDEX `unique_schema_migrations` ON `schema_migrations` (`version`)[0m
  [4;35;1mSQL (0.4ms)[0m   [0mSHOW TABLES[0m
  [4;36;1mSQL (0.2ms)[0m   [0;1mSELECT version FROM schema_migrations[0m
Migrating to CreatePeople (20120912124128)
  [4;35;1mSQL (0.0ms)[0m   [0mMysql::Error: Table 'people' already exists: CREATE TABLE `people` (`id` int(11) DEFAULT NULL auto_increment PRIMARY KEY, `created_at` datetime, `updated_at` datetime) ENGINE=InnoDB[0m
  [4;36;1mSQL (0.1ms)[0m   [0;1mSET SQL_AUTO_IS_NULL=0[0m
  [4;35;1mSQL (0.3ms)[0m   [0mSHOW TABLES[0m
  [4;36;1mSQL (113.3ms)[0m   [0;1mCREATE TABLE `schema_migrations` (`version` varchar(255) NOT NULL) ENGINE=InnoDB[0m
  [4;35;1mSQL (0.5ms)[0m   [0mSHOW KEYS FROM `schema_migrations`[0m
  [4;36;1mSQL (156.9ms)[0m   [0;1mCREATE UNIQUE INDEX `unique_schema_migrations` ON `schema_migrations` (`version`)[0m
  [4;35;1mSQL (0.3ms)[0m   [0mSHOW TABLES[0m
  [4;36;1mSQL (1.6ms)[0m   [0;1mSELECT version FROM schema_migrations[0m
Migrating to CreatePeople (20120912124128)
  [4;35;1mSQL (92.2ms)[0m   [0mCREATE TABLE `people` (`id` int(11) DEFAULT NULL auto_increment PRIMARY KEY, `created_at` datetime, `updated_at` datetime) ENGINE=InnoDB[0m
  [4;36;1mSQL (1.0ms)[0m   [0;1mINSERT INTO schema_migrations (version) VALUES ('20120912124128')[0m
Migrating to CreateArticles (20120913133808)
  [4;35;1mSQL (207.8ms)[0m   [0mCREATE TABLE `articles` (`id` int(11) DEFAULT NULL auto_increment PRIMARY KEY, `created_at` datetime, `updated_at` datetime) ENGINE=InnoDB[0m
  [4;36;1mSQL (1.0ms)[0m   [0;1mINSERT INTO schema_migrations (version) VALUES ('20120913133808')[0m
Migrating to CreateProgrammes (20120914103424)
  [4;35;1mSQL (94.7ms)[0m   [0mCREATE TABLE `programmes` (`id` int(11) DEFAULT NULL auto_increment PRIMARY KEY, `created_at` datetime, `updated_at` datetime) ENGINE=InnoDB[0m
  [4;36;1mSQL (1.0ms)[0m   [0;1mINSERT INTO schema_migrations (version) VALUES ('20120914103424')[0m
Migrating to CreateOrganisations (20120916120313)
  [4;35;1mSQL (98.4ms)[0m   [0mCREATE TABLE `organisations` (`id` int(11) DEFAULT NULL auto_increment PRIMARY KEY, `created_at` datetime, `updated_at` datetime) ENGINE=InnoDB[0m
  [4;36;1mSQL (1.0ms)[0m   [0;1mINSERT INTO schema_migrations (version) VALUES ('20120916120313')[0m
Migrating to CreatePoliticians (20120918151210)
  [4;35;1mSQL (108.3ms)[0m   [0mCREATE TABLE `politicians` (`id` int(11) DEFAULT NULL auto_increment PRIMARY KEY, `created_at` datetime, `updated_at` datetime) ENGINE=InnoDB[0m
  [4;36;1mSQL (0.9ms)[0m   [0;1mINSERT INTO schema_migrations (version) VALUES ('20120918151210')[0m
  [4;35;1mSQL (0.3ms)[0m   [0mSHOW TABLES[0m
  [4;36;1mSQL (0.2ms)[0m   [0;1mSELECT version FROM schema_migrations[0m
  [4;35;1mSQL (0.2ms)[0m   [0mSHOW TABLES[0m
  [4;36;1mSQL (2.6ms)[0m   [0;1mSHOW FIELDS FROM `articles`[0m
  [4;35;1mSQL (2.5ms)[0m   [0mdescribe `articles`[0m
  [4;36;1mSQL (0.3ms)[0m   [0;1mSHOW KEYS FROM `articles`[0m
  [4;35;1mSQL (2.7ms)[0m   [0mSHOW FIELDS FROM `organisations`[0m
  [4;36;1mSQL (1.8ms)[0m   [0;1mdescribe `organisations`[0m
  [4;35;1mSQL (0.3ms)[0m   [0mSHOW KEYS FROM `organisations`[0m
  [4;36;1mSQL (3.1ms)[0m   [0;1mSHOW FIELDS FROM `people`[0m
  [4;35;1mSQL (2.1ms)[0m   [0mdescribe `people`[0m
  [4;36;1mSQL (0.3ms)[0m   [0;1mSHOW KEYS FROM `people`[0m
  [4;35;1mSQL (2.1ms)[0m   [0mSHOW FIELDS FROM `politicians`[0m
  [4;36;1mSQL (2.0ms)[0m   [0;1mdescribe `politicians`[0m
  [4;35;1mSQL (0.2ms)[0m   [0mSHOW KEYS FROM `politicians`[0m
  [4;36;1mSQL (2.2ms)[0m   [0;1mSHOW FIELDS FROM `programmes`[0m
  [4;35;1mSQL (1.9ms)[0m   [0mdescribe `programmes`[0m
  [4;36;1mSQL (0.6ms)[0m   [0;1mSHOW KEYS FROM `programmes`[0m
  [4;36;1mSQL (0.1ms)[0m   [0;1mSET SQL_AUTO_IS_NULL=0[0m


Processing HomeController#index (for 127.0.0.1 at 2012-10-16 20:23:52) [GET]
Rendering template within layouts/application
Rendering home/index
Rendered person/_examples (3.4ms)
Completed in 17ms (View: 16, DB: 0) | 200 OK [http://localhost/]
  [4;35;1mSQL (0.1ms)[0m   [0mSET SQL_AUTO_IS_NULL=0[0m


Processing PersonController#show (for 127.0.0.1 at 2012-10-16 20:23:54) [GET]
  Parameters: {"person"=>"David_Cameron"}
  [4;36;1mPerson Columns (3.8ms)[0m   [0;1mSHOW FIELDS FROM `people`[0m
  [4;35;1mArticle Columns (2.1ms)[0m   [0mSHOW FIELDS FROM `articles`[0m
  [4;36;1mOrganisation Columns (1.9ms)[0m   [0;1mSHOW FIELDS FROM `organisations`[0m
  [4;35;1mProgramme Columns (1.9ms)[0m   [0mSHOW FIELDS FROM `programmes`[0m
Rendering template within layouts/application
Rendering person/show
Rendered person/_person (1.9ms)
Rendered person/_person (1.0ms)
Rendered person/_person (1.0ms)
Rendered person/_person (1.0ms)
Rendered person/_subject_person (1.5ms)
Rendered person/_person (1.0ms)
Rendered person/_person (1.1ms)
Rendered person/_person (1.2ms)
Rendered person/_person (1.0ms)
Rendered organisation/_organisation (1.3ms)
Rendered organisation/_organisation (0.6ms)
Rendered organisation/_organisation (0.7ms)
Rendered organisation/_organisation (0.7ms)
Rendered organisation/_organisation (0.6ms)
Rendered organisation/_organisation (0.6ms)
Rendered organisation/_organisation (0.6ms)
Rendered organisation/_organisation (0.6ms)
Rendered organisation/_organisation (0.7ms)
Rendered article/_article (15.4ms)
Rendered article/_article (0.3ms)
Rendered article/_article (0.4ms)
Rendered article/_article (0.2ms)
Rendered article/_article (0.3ms)
Rendered article/_article (0.3ms)
Rendered article/_article (0.3ms)
Rendered article/_article (0.3ms)
Rendered article/_article (0.2ms)
Rendered article/_article (0.2ms)
Rendered article/_article (0.2ms)
Rendered article/_article (0.2ms)
Rendered article/_article (0.3ms)
Rendered article/_article (0.2ms)
Rendered article/_article (0.3ms)
Rendered article/_article (0.3ms)
Rendered article/_article (0.2ms)
Rendered article/_article (0.2ms)
Rendered article/_article (0.2ms)
Rendered article/_article (0.2ms)
Rendered programme/_programme (0.8ms)
Rendered programme/_programme (0.2ms)
Rendered programme/_programme (0.2ms)
Rendered programme/_programme (0.2ms)
Rendered programme/_programme (0.2ms)
Completed in 3185ms (View: 135, DB: 10) | 200 OK [http://localhost/people/David_Cameron]
  [4;36;1mSQL (0.1ms)[0m   [0;1mSET SQL_AUTO_IS_NULL=0[0m


Processing PersonController#show (for 127.0.0.1 at 2012-10-16 20:24:05) [GET]
  Parameters: {"person"=>"George_Osborne"}
  [4;35;1mPerson Columns (4.7ms)[0m   [0mSHOW FIELDS FROM `people`[0m
  [4;36;1mArticle Columns (1.7ms)[0m   [0;1mSHOW FIELDS FROM `articles`[0m
  [4;35;1mOrganisation Columns (2.1ms)[0m   [0mSHOW FIELDS FROM `organisations`[0m
  [4;36;1mProgramme Columns (2.4ms)[0m   [0;1mSHOW FIELDS FROM `programmes`[0m
Rendering template within layouts/application
Rendering person/show
Rendered person/_person (1.2ms)
Rendered person/_person (1.0ms)
Rendered person/_person (1.1ms)
Rendered person/_person (1.0ms)
Rendered person/_subject_person (0.9ms)
Rendered person/_person (1.1ms)
Rendered person/_person (1.2ms)
Rendered person/_person (1.1ms)
Rendered person/_person (1.0ms)
Rendered organisation/_organisation (0.6ms)
Rendered organisation/_organisation (0.6ms)
Rendered organisation/_organisation (0.6ms)
Rendered organisation/_organisation (0.7ms)
Rendered organisation/_organisation (0.6ms)
Rendered organisation/_organisation (0.7ms)
Rendered organisation/_organisation (0.7ms)
Rendered organisation/_organisation (0.6ms)
Rendered organisation/_organisation (0.6ms)
Rendered article/_article (0.2ms)
Rendered article/_article (0.2ms)
Rendered article/_article (0.2ms)
Rendered article/_article (0.2ms)
Rendered article/_article (0.2ms)
Rendered article/_article (0.2ms)
Rendered article/_article (0.2ms)
Rendered article/_article (0.2ms)
Rendered article/_article (0.2ms)
Rendered article/_article (0.2ms)
Rendered article/_article (0.2ms)
Rendered article/_article (0.2ms)
Rendered article/_article (0.2ms)
Rendered article/_article (0.2ms)
Rendered article/_article (0.2ms)
Rendered article/_article (0.3ms)
Rendered article/_article (0.2ms)
Rendered article/_article (0.2ms)
Rendered article/_article (0.2ms)
Rendered article/_article (0.3ms)
Rendered programme/_programme (0.2ms)
Completed in 1471ms (View: 28, DB: 11) | 200 OK [http://localhost/people/George_Osborne]
  [4;35;1mSQL (0.1ms)[0m   [0mSET SQL_AUTO_IS_NULL=0[0m


Processing PersonController#show (for 127.0.0.1 at 2012-10-16 20:24:13) [GET]
  Parameters: {"person"=>"Ed_Miliband"}
  [4;36;1mPerson Columns (2.9ms)[0m   [0;1mSHOW FIELDS FROM `people`[0m
  [4;35;1mArticle Columns (2.2ms)[0m   [0mSHOW FIELDS FROM `articles`[0m
  [4;36;1mOrganisation Columns (2.0ms)[0m   [0;1mSHOW FIELDS FROM `organisations`[0m
  [4;35;1mProgramme Columns (1.9ms)[0m   [0mSHOW FIELDS FROM `programmes`[0m
Rendering template within layouts/application
Rendering person/show
Rendered person/_person (1.3ms)
Rendered person/_person (1.1ms)
Rendered person/_person (1.1ms)
Rendered person/_person (1.0ms)
Rendered person/_subject_person (1.0ms)
Rendered person/_person (1.0ms)
Rendered person/_person (1.1ms)
Rendered person/_person (1.2ms)
Rendered person/_person (1.0ms)
Rendered organisation/_organisation (0.6ms)
Rendered organisation/_organisation (0.6ms)
Rendered organisation/_organisation (0.5ms)
Rendered organisation/_organisation (0.6ms)
Rendered organisation/_organisation (0.7ms)
Rendered organisation/_organisation (0.6ms)
Rendered organisation/_organisation (0.6ms)
Rendered organisation/_organisation (0.6ms)
Rendered organisation/_organisation (0.7ms)
Rendered article/_article (0.2ms)
Rendered article/_article (0.2ms)
Rendered article/_article (0.2ms)
Rendered article/_article (0.2ms)
Rendered article/_article (0.2ms)
Rendered article/_article (0.2ms)
Rendered article/_article (0.2ms)
Rendered article/_article (0.2ms)
Rendered article/_article (0.2ms)
Rendered article/_article (0.2ms)
Rendered article/_article (0.2ms)
Rendered article/_article (0.2ms)
Rendered article/_article (0.2ms)
Rendered article/_article (0.2ms)
Rendered article/_article (0.2ms)
Rendered article/_article (0.2ms)
Rendered article/_article (0.2ms)
Rendered article/_article (0.2ms)
Rendered article/_article (0.2ms)
Rendered article/_article (0.2ms)
Rendered programme/_programme (0.2ms)
Rendered programme/_programme (0.2ms)
Completed in 1505ms (View: 28, DB: 9) | 200 OK [http://localhost/people/Ed_Miliband]
  [4;36;1mSQL (0.1ms)[0m   [0;1mSET SQL_AUTO_IS_NULL=0[0m


Processing PersonController#show (for 127.0.0.1 at 2012-10-16 20:25:20) [GET]
  Parameters: {"person"=>"Jimmy_Saville"}
Rendering template within layouts/application
Rendering oops/no_juicer
Completed in 1095ms (View: 5, DB: 0) | 200 OK [http://localhost/people/Jimmy_Saville]
  [4;35;1mSQL (0.1ms)[0m   [0mSET SQL_AUTO_IS_NULL=0[0m


Processing PersonController#show (for 127.0.0.1 at 2012-10-16 20:25:24) [GET]
  Parameters: {"person"=>"Jimmy_Saville"}
Rendering template within layouts/application
Rendering oops/no_juicer
Completed in 257ms (View: 2, DB: 0) | 200 OK [http://localhost/people/Jimmy_Saville]
  [4;36;1mSQL (0.1ms)[0m   [0;1mSET SQL_AUTO_IS_NULL=0[0m


Processing PersonController#show (for 127.0.0.1 at 2012-10-16 20:25:31) [GET]
  Parameters: {"person"=>"Jesus"}
  [4;35;1mPerson Columns (3.2ms)[0m   [0mSHOW FIELDS FROM `people`[0m
  [4;36;1mArticle Columns (1.6ms)[0m   [0;1mSHOW FIELDS FROM `articles`[0m
  [4;35;1mOrganisation Columns (2.1ms)[0m   [0mSHOW FIELDS FROM `organisations`[0m
  [4;36;1mProgramme Columns (2.0ms)[0m   [0;1mSHOW FIELDS FROM `programmes`[0m
Rendering template within layouts/application
Rendering person/show
Rendered person/_person (1.3ms)
Rendered person/_person (1.4ms)
Rendered person/_person (1.1ms)
Rendered person/_person (0.9ms)
Rendered person/_subject_person (1.3ms)
Rendered person/_person (1.1ms)
Rendered person/_person (1.0ms)
Rendered person/_person (1.0ms)
Rendered person/_person (1.0ms)
Rendered organisation/_organisation (0.7ms)
Rendered organisation/_organisation (0.6ms)
Rendered organisation/_organisation (0.7ms)
Rendered organisation/_organisation (0.6ms)
Rendered organisation/_organisation (0.7ms)
Rendered organisation/_organisation (0.6ms)
Rendered organisation/_organisation (0.6ms)
Rendered organisation/_organisation (0.7ms)
Rendered organisation/_organisation (0.8ms)
Rendered article/_article (0.2ms)
Rendered article/_article (0.2ms)
Rendered article/_article (0.2ms)
Rendered article/_article (0.2ms)
Rendered article/_article (0.3ms)
Rendered article/_article (0.3ms)
Rendered article/_article (0.2ms)
Rendered article/_article (0.2ms)
Rendered article/_article (0.2ms)
Rendered article/_article (0.2ms)
Rendered article/_article (0.2ms)
Rendered article/_article (0.2ms)
Rendered article/_article (0.2ms)
Rendered article/_article (0.3ms)
Rendered article/_article (0.2ms)
Rendered article/_article (0.2ms)
Rendered article/_article (0.2ms)
Rendered article/_article (0.2ms)
Rendered article/_article (0.2ms)
Rendered article/_article (0.2ms)
Rendered programme/_programme (0.2ms)
Rendered programme/_programme (0.2ms)
Completed in 1186ms (View: 30, DB: 9) | 200 OK [http://localhost/people/Jesus]
  [4;35;1mSQL (0.1ms)[0m   [0mSET SQL_AUTO_IS_NULL=0[0m


Processing PersonController#show (for 127.0.0.1 at 2012-10-16 20:25:35) [GET]
  Parameters: {"person"=>"Pope_Benedict_XVI"}
  [4;36;1mPerson Columns (3.5ms)[0m   [0;1mSHOW FIELDS FROM `people`[0m
  [4;35;1mArticle Columns (2.1ms)[0m   [0mSHOW FIELDS FROM `articles`[0m
  [4;36;1mOrganisation Columns (1.9ms)[0m   [0;1mSHOW FIELDS FROM `organisations`[0m
  [4;35;1mProgramme Columns (2.1ms)[0m   [0mSHOW FIELDS FROM `programmes`[0m
Rendering template within layouts/application
Rendering person/show
Rendered person/_person (1.4ms)
Rendered person/_person (1.1ms)
Rendered person/_person (1.0ms)
Rendered person/_person (1.0ms)
Rendered person/_subject_person (1.0ms)
Rendered person/_person (1.1ms)
Rendered person/_person (1.0ms)
Rendered person/_person (1.2ms)
Rendered person/_person (1.0ms)
Rendered organisation/_organisation (0.7ms)
Rendered organisation/_organisation (0.6ms)
Rendered organisation/_organisation (0.5ms)
Rendered organisation/_organisation (0.9ms)
Rendered organisation/_organisation (0.6ms)
Rendered organisation/_organisation (0.7ms)
Rendered organisation/_organisation (0.6ms)
Rendered organisation/_organisation (0.6ms)
Rendered organisation/_organisation (0.7ms)
Rendered article/_article (0.3ms)
Rendered article/_article (0.2ms)
Rendered article/_article (0.2ms)
Rendered article/_article (0.2ms)
Rendered article/_article (0.2ms)
Rendered article/_article (0.2ms)
Rendered article/_article (0.2ms)
Rendered article/_article (0.2ms)
Rendered article/_article (0.2ms)
Rendered article/_article (0.2ms)
Rendered article/_article (0.2ms)
Rendered article/_article (0.2ms)
Rendered article/_article (0.2ms)
Rendered article/_article (0.2ms)
Rendered article/_article (0.2ms)
Rendered article/_article (0.2ms)
Rendered article/_article (0.2ms)
Rendered article/_article (0.2ms)
Rendered article/_article (0.2ms)
Rendered article/_article (0.3ms)
Rendered programme/_programme (0.2ms)
Rendered programme/_programme (0.2ms)
Rendered programme/_programme (0.2ms)
Rendered programme/_programme (0.2ms)
Rendered programme/_programme (0.2ms)
Completed in 1349ms (View: 30, DB: 10) | 200 OK [http://localhost/people/Pope_Benedict_XVI]
  [4;36;1mSQL (0.1ms)[0m   [0;1mSET SQL_AUTO_IS_NULL=0[0m


Processing PersonController#show (for 127.0.0.1 at 2012-10-16 20:25:44) [GET]
  Parameters: {"person"=>"Muhammad"}
  [4;35;1mPerson Columns (3.2ms)[0m   [0mSHOW FIELDS FROM `people`[0m
  [4;36;1mArticle Columns (1.7ms)[0m   [0;1mSHOW FIELDS FROM `articles`[0m
  [4;35;1mOrganisation Columns (2.0ms)[0m   [0mSHOW FIELDS FROM `organisations`[0m
Rendering template within layouts/application
Rendering person/show
Rendered person/_person (1.3ms)
Rendered person/_person (1.3ms)
Rendered person/_person (1.0ms)
Rendered person/_person (1.1ms)
Rendered person/_subject_person (0.8ms)
Rendered person/_person (1.0ms)
Rendered person/_person (1.2ms)
Rendered person/_person (1.0ms)
Rendered person/_person (1.0ms)
Rendered organisation/_organisation (0.7ms)
Rendered organisation/_organisation (0.5ms)
Rendered organisation/_organisation (0.5ms)
Rendered organisation/_organisation (0.6ms)
Rendered organisation/_organisation (0.6ms)
Rendered organisation/_organisation (0.6ms)
Rendered organisation/_organisation (0.5ms)
Rendered organisation/_organisation (0.6ms)
Rendered organisation/_organisation (0.7ms)
Rendered article/_article (0.3ms)
Rendered article/_article (0.2ms)
Rendered article/_article (0.2ms)
Rendered article/_article (0.2ms)
Rendered article/_article (0.2ms)
Rendered article/_article (0.2ms)
Rendered article/_article (0.2ms)
Rendered article/_article (0.2ms)
Rendered article/_article (0.2ms)
Rendered article/_article (0.2ms)
Rendered article/_article (0.2ms)
Rendered article/_article (0.2ms)
Rendered article/_article (0.2ms)
Rendered article/_article (0.2ms)
Rendered article/_article (0.2ms)
Rendered article/_article (0.2ms)
Rendered article/_article (0.2ms)
Rendered article/_article (0.2ms)
Rendered article/_article (0.2ms)
Rendered article/_article (0.2ms)
Completed in 1018ms (View: 28, DB: 7) | 200 OK [http://localhost/people/Muhammad]
  [4;36;1mSQL (0.2ms)[0m   [0;1mSET SQL_AUTO_IS_NULL=0[0m


Processing PersonController#show (for 127.0.0.1 at 2012-10-16 20:26:03) [GET]
  Parameters: {"person"=>"Bashar_al-Assad"}
  [4;35;1mPerson Columns (3.1ms)[0m   [0mSHOW FIELDS FROM `people`[0m
  [4;36;1mArticle Columns (1.6ms)[0m   [0;1mSHOW FIELDS FROM `articles`[0m
  [4;35;1mOrganisation Columns (2.1ms)[0m   [0mSHOW FIELDS FROM `organisations`[0m
Rendering template within layouts/application
Rendering person/show
Rendered person/_person (1.1ms)
Rendered person/_person (0.9ms)
Rendered person/_person (1.0ms)
Rendered person/_person (1.0ms)
Rendered person/_subject_person (0.9ms)
Rendered person/_person (1.1ms)
Rendered person/_person (1.1ms)
Rendered person/_person (1.0ms)
Rendered person/_person (1.0ms)
Rendered organisation/_organisation (61.8ms)
Rendered organisation/_organisation (0.7ms)
Rendered organisation/_organisation (0.7ms)
Rendered organisation/_organisation (0.6ms)
Rendered organisation/_organisation (0.8ms)
Rendered organisation/_organisation (0.6ms)
Rendered organisation/_organisation (0.6ms)
Rendered organisation/_organisation (0.6ms)
Rendered organisation/_organisation (0.9ms)
Rendered article/_article (0.3ms)
Rendered article/_article (0.2ms)
Rendered article/_article (0.2ms)
Rendered article/_article (0.2ms)
Rendered article/_article (0.2ms)
Rendered article/_article (0.2ms)
Rendered article/_article (0.2ms)
Rendered article/_article (0.2ms)
Rendered article/_article (0.2ms)
Rendered article/_article (0.2ms)
Rendered article/_article (0.2ms)
Rendered article/_article (0.2ms)
Rendered article/_article (0.2ms)
Rendered article/_article (0.2ms)
Rendered article/_article (0.2ms)
Rendered article/_article (0.2ms)
Rendered article/_article (0.2ms)
Rendered article/_article (0.2ms)
Rendered article/_article (0.2ms)
Rendered article/_article (0.2ms)
Completed in 1823ms (View: 89, DB: 7) | 200 OK [http://localhost/people/Bashar_al-Assad]
  [4;36;1mSQL (0.1ms)[0m   [0;1mSET SQL_AUTO_IS_NULL=0[0m


Processing PersonController#show (for 127.0.0.1 at 2012-10-16 20:26:07) [GET]
  Parameters: {"person"=>"Barack_Obama"}
  [4;35;1mPerson Columns (3.4ms)[0m   [0mSHOW FIELDS FROM `people`[0m
  [4;36;1mArticle Columns (2.2ms)[0m   [0;1mSHOW FIELDS FROM `articles`[0m
  [4;35;1mOrganisation Columns (2.0ms)[0m   [0mSHOW FIELDS FROM `organisations`[0m
  [4;36;1mProgramme Columns (2.1ms)[0m   [0;1mSHOW FIELDS FROM `programmes`[0m
Rendering template within layouts/application
Rendering person/show
Rendered person/_person (1.3ms)
Rendered person/_person (1.3ms)
Rendered person/_person (1.1ms)
Rendered person/_person (1.0ms)
Rendered person/_subject_person (1.1ms)
Rendered person/_person (1.2ms)
Rendered person/_person (1.0ms)
Rendered person/_person (0.9ms)
Rendered person/_person (1.0ms)
Rendered organisation/_organisation (0.7ms)
Rendered organisation/_organisation (0.6ms)
Rendered organisation/_organisation (0.7ms)
Rendered organisation/_organisation (0.5ms)
Rendered organisation/_organisation (0.6ms)
Rendered organisation/_organisation (0.5ms)
Rendered organisation/_organisation (0.5ms)
Rendered organisation/_organisation (0.7ms)
Rendered organisation/_organisation (0.7ms)
Rendered article/_article (0.2ms)
Rendered article/_article (0.2ms)
Rendered article/_article (0.2ms)
Rendered article/_article (0.2ms)
Rendered article/_article (0.2ms)
Rendered article/_article (0.2ms)
Rendered article/_article (0.2ms)
Rendered article/_article (0.2ms)
Rendered article/_article (0.2ms)
Rendered article/_article (0.2ms)
Rendered article/_article (0.2ms)
Rendered article/_article (0.2ms)
Rendered article/_article (0.2ms)
Rendered article/_article (0.3ms)
Rendered article/_article (0.2ms)
Rendered article/_article (0.2ms)
Rendered article/_article (0.2ms)
Rendered article/_article (0.2ms)
Rendered article/_article (0.2ms)
Rendered article/_article (0.2ms)
Rendered programme/_programme (0.2ms)
Rendered programme/_programme (0.2ms)
Rendered programme/_programme (0.2ms)
Rendered programme/_programme (0.2ms)
Rendered programme/_programme (0.2ms)
Completed in 3375ms (View: 30, DB: 10) | 200 OK [http://localhost/people/Barack_Obama]
